<?xml version="1.0" encoding="UTF-8"?>
<testng-results ignored="0" total="1" passed="1" failed="0" skipped="0">
  <reporter-output>
  </reporter-output>
  <suite started-at="2023-05-09T21:01:22 MDT" name="regression" finished-at="2023-05-09T21:01:37 MDT" duration-ms="15192">
    <groups>
    </groups>
    <test started-at="2023-05-09T21:01:22 MDT" name="LoginTest" finished-at="2023-05-09T21:01:37 MDT" duration-ms="15192">
      <class name="test.ListCustomerTest">
        <test-method signature="userShouldBeAbleToAddCustomerFromListCustomer(java.lang.String,java.lang.String,java.lang.String,java.lang.String,java.lang.String,java.lang.String,java.lang.String,java.lang.String,java.lang.String,java.lang.String,java.lang.String)[pri:0, instance:test.ListCustomerTest@306cf3ea]" started-at="2023-05-09T21:01:22 MDT" name="userShouldBeAbleToAddCustomerFromListCustomer" finished-at="2023-05-09T21:01:37 MDT" duration-ms="15131" status="PASS">
          <params>
            <param index="0">
              <value>
                <![CDATA[demo@techfios.com]]>
              </value>
            </param>
            <param index="1">
              <value>
                <![CDATA[abc123]]>
              </value>
            </param>
            <param index="2">
              <value>
                <![CDATA[Excel Project]]>
              </value>
            </param>
            <param index="3">
              <value>
                <![CDATA[Techfios]]>
              </value>
            </param>
            <param index="4">
              <value>
                <![CDATA[msexcell@gmail.com]]>
              </value>
            </param>
            <param index="5">
              <value>
                <![CDATA[12345]]>
              </value>
            </param>
            <param index="6">
              <value>
                <![CDATA[Techfios Building]]>
              </value>
            </param>
            <param index="7">
              <value>
                <![CDATA[Carrolton]]>
              </value>
            </param>
            <param index="8">
              <value>
                <![CDATA[TX]]>
              </value>
            </param>
            <param index="9">
              <value>
                <![CDATA[75009]]>
              </value>
            </param>
            <param index="10">
              <value>
                <![CDATA[United Kingdom]]>
              </value>
            </param>
          </params>
          <reporter-output>
          </reporter-output>
        </test-method> <!-- userShouldBeAbleToAddCustomerFromListCustomer -->
      </class> <!-- test.ListCustomerTest -->
    </test> <!-- LoginTest -->
  </suite> <!-- regression -->
</testng-results>
